<?xml version="1.0" encoding="UTF-8"?>
<!-- Generated by org.testng.reporters.JUnitXMLReporter -->
<testsuite ignored="0" hostname="Vaibhav-HP" failures="1" tests="3" name="Test" time="3.906" errors="0" timestamp="2024-07-06T09:28:20 IST">
  <testcase classname="allureReport.Testcase3" name="checklogo" time="0.131"/>
  <testcase classname="allureReport.Testcase3" name="logintest" time="0.761">
    <failure type="java.lang.AssertionError" message="expected [true] but found [false]">
      <![CDATA[java.lang.AssertionError: expected [true] but found [false]
at allureReport.Testcase3.logintest(Testcase3.java:40)
at java.base/java.util.ArrayList.forEach(ArrayList.java:1597)
... Removed 29 stack frames]]>
    </failure>
  </testcase> <!-- logintest -->
  <testcase classname="allureReport.Testcase3" name="regtest" time="0.003">
    <skipped/>
  </testcase> <!-- regtest -->
</testsuite> <!-- Test -->
